<?xml version="1.0" encoding="utf-8"?><testsuites name="pytest tests"><testsuite name="pytest" errors="0" failures="0" skipped="0" tests="28" time="4.086" timestamp="2026-03-24T19:44:34.630936+00:00" hostname="agent-env-ae8ac470-2c67-499f-a26b-5ed96720e9f0"><testcase classname="backend.tests.test_portfolio_api.TestRootEndpoint" name="test_root_returns_message" time="0.265" /><testcase classname="backend.tests.test_portfolio_api.TestConfigEndpoint" name="test_config_returns_200" time="0.122" /><testcase classname="backend.tests.test_portfolio_api.TestConfigEndpoint" name="test_config_has_correct_site_name" time="0.127" /><testcase classname="backend.tests.test_portfolio_api.TestConfigEndpoint" name="test_config_has_required_fields" time="0.102" /><testcase classname="backend.tests.test_portfolio_api.TestConfigEndpoint" name="test_config_social_links" time="0.158" /><testcase classname="backend.tests.test_portfolio_api.TestHeroEndpoint" name="test_hero_returns_200" time="0.108" /><testcase classname="backend.tests.test_portfolio_api.TestHeroEndpoint" name="test_hero_has_required_fields" time="0.118" /><testcase classname="backend.tests.test_portfolio_api.TestHeroEndpoint" name="test_hero_title_is_atmospheres" time="0.106" /><testcase classname="backend.tests.test_portfolio_api.TestAboutEndpoint" name="test_about_returns_200" time="0.106" /><testcase classname="backend.tests.test_portfolio_api.TestAboutEndpoint" name="test_about_has_required_fields" time="0.148" /><testcase classname="backend.tests.test_portfolio_api.TestServicesEndpoint" name="test_services_returns_200" time="0.126" /><testcase classname="backend.tests.test_portfolio_api.TestServicesEndpoint" name="test_services_returns_list" time="0.112" /><testcase classname="backend.tests.test_portfolio_api.TestServicesEndpoint" name="test_services_have_required_fields" time="0.103" /><testcase classname="backend.tests.test_portfolio_api.TestProjectsEndpoint" name="test_projects_returns_200" time="0.109" /><testcase classname="backend.tests.test_portfolio_api.TestProjectsEndpoint" name="test_projects_returns_7_projects" time="0.170" /><testcase classname="backend.tests.test_portfolio_api.TestProjectsEndpoint" name="test_projects_sorted_by_year_ascending" time="0.131" /><testcase classname="backend.tests.test_portfolio_api.TestProjectsEndpoint" name="test_projects_have_required_fields" time="0.119" /><testcase classname="backend.tests.test_portfolio_api.TestProjectsEndpoint" name="test_projects_have_valid_hero_images" time="0.111" /><testcase classname="backend.tests.test_portfolio_api.TestProjectBySlugEndpoint" name="test_project_by_slug_returns_200" time="0.119" /><testcase classname="backend.tests.test_portfolio_api.TestProjectBySlugEndpoint" name="test_project_by_slug_returns_correct_project" time="0.127" /><testcase classname="backend.tests.test_portfolio_api.TestProjectBySlugEndpoint" name="test_project_not_found_returns_404" time="0.121" /><testcase classname="backend.tests.test_portfolio_api.TestProjectBySlugEndpoint" name="test_all_project_slugs_accessible" time="0.435" /><testcase classname="backend.tests.test_portfolio_api.TestContactEndpoint" name="test_contact_post_returns_success" time="0.113" /><testcase classname="backend.tests.test_portfolio_api.TestContactEndpoint" name="test_contact_returns_created_message" time="0.126" /><testcase classname="backend.tests.test_portfolio_api.TestContactEndpoint" name="test_contact_requires_name" time="0.128" /><testcase classname="backend.tests.test_portfolio_api.TestContactEndpoint" name="test_contact_requires_email" time="0.102" /><testcase classname="backend.tests.test_portfolio_api.TestContactEndpoint" name="test_contact_requires_subject" time="0.147" /><testcase classname="backend.tests.test_portfolio_api.TestContactEndpoint" name="test_contact_requires_message" time="0.111" /></testsuite></testsuites>